[ 2017-03-09T09:17:40+08:00 ] ::1 /TP_BBS/Application/Home/View/Board/__PUBLIC__/CSS/signin.css
INFO: [ app_init ] --START--
INFO: Run Behavior\BuildLiteBehavior [ RunTime:0.000000s ]
INFO: [ app_init ] --END-- [ RunTime:0.015001s ]
ERR: 无法加载模块:Application

[ 2017-03-09T09:17:40+08:00 ] ::1 /TP_BBS/Application/Home/View/Board/__PUBLIC__/CSS/bootstrap.css
INFO: [ app_init ] --START--
INFO: Run Behavior\BuildLiteBehavior [ RunTime:0.000000s ]
INFO: [ app_init ] --END-- [ RunTime:0.013001s ]
ERR: 无法加载模块:Application

[ 2017-03-09T09:17:54+08:00 ] ::1 /TP_BBS/Application/Home/View/Board/__PUBLIC__/CSS/signin.css
INFO: [ app_init ] --START--
INFO: Run Behavior\BuildLiteBehavior [ RunTime:0.000000s ]
INFO: [ app_init ] --END-- [ RunTime:0.001000s ]
ERR: 无法加载模块:Application

[ 2017-03-09T09:17:54+08:00 ] ::1 /TP_BBS/Application/Home/View/Board/__PUBLIC__/CSS/bootstrap.css
INFO: [ app_init ] --START--
INFO: Run Behavior\BuildLiteBehavior [ RunTime:0.000000s ]
INFO: [ app_init ] --END-- [ RunTime:0.001000s ]
ERR: 无法加载模块:Application

[ 2017-03-09T09:17:54+08:00 ] ::1 /TP_BBS/Application/Home/View/Board/__PUBLIC__/CSS/board.css
INFO: [ app_init ] --START--
INFO: Run Behavior\BuildLiteBehavior [ RunTime:0.000000s ]
INFO: [ app_init ] --END-- [ RunTime:0.002000s ]
ERR: 无法加载模块:Application

[ 2017-03-09T09:30:16+08:00 ] ::1 /TP_BBS/Application/Home/View/Board/__PUBLIC__/CSS/signin.css
INFO: [ app_init ] --START--
INFO: Run Behavior\BuildLiteBehavior [ RunTime:0.000000s ]
INFO: [ app_init ] --END-- [ RunTime:0.001000s ]
ERR: 无法加载模块:Application

[ 2017-03-09T09:30:16+08:00 ] ::1 /TP_BBS/Application/Home/View/Board/__PUBLIC__/CSS/bootstrap.css
INFO: [ app_init ] --START--
INFO: Run Behavior\BuildLiteBehavior [ RunTime:0.000000s ]
INFO: [ app_init ] --END-- [ RunTime:0.001001s ]
ERR: 无法加载模块:Application

[ 2017-03-09T09:30:16+08:00 ] ::1 /TP_BBS/Application/Home/View/Board/__PUBLIC__/CSS/board.css
INFO: [ app_init ] --START--
INFO: Run Behavior\BuildLiteBehavior [ RunTime:0.000000s ]
INFO: [ app_init ] --END-- [ RunTime:0.001000s ]
ERR: 无法加载模块:Application

[ 2017-03-09T09:30:17+08:00 ] ::1 /TP_BBS/Application/Home/View/Board/__PUBLIC__/CSS/board.css
INFO: [ app_init ] --START--
INFO: Run Behavior\BuildLiteBehavior [ RunTime:0.000000s ]
INFO: [ app_init ] --END-- [ RunTime:0.001000s ]
ERR: 无法加载模块:Application

[ 2017-03-09T09:30:17+08:00 ] ::1 /TP_BBS/Application/Home/View/Board/__PUBLIC__/CSS/bootstrap.css
INFO: [ app_init ] --START--
INFO: Run Behavior\BuildLiteBehavior [ RunTime:0.000000s ]
INFO: [ app_init ] --END-- [ RunTime:0.002000s ]
ERR: 无法加载模块:Application

[ 2017-03-09T09:30:17+08:00 ] ::1 /TP_BBS/Application/Home/View/Board/__PUBLIC__/CSS/signin.css
INFO: [ app_init ] --START--
INFO: Run Behavior\BuildLiteBehavior [ RunTime:0.000000s ]
INFO: [ app_init ] --END-- [ RunTime:0.001000s ]
ERR: 无法加载模块:Application

[ 2017-03-09T09:30:58+08:00 ] ::1 /TP_BBS/Application/Home/View/Board/__CONTROLLER__/detail/id/%7B$vo.id%7D
INFO: [ app_init ] --START--
INFO: Run Behavior\BuildLiteBehavior [ RunTime:0.000000s ]
INFO: [ app_init ] --END-- [ RunTime:0.001000s ]
ERR: 无法加载模块:Application

[ 2017-03-09T09:31:06+08:00 ] ::1 /TP_BBS/Application/Home/Board/
INFO: [ app_init ] --START--
INFO: Run Behavior\BuildLiteBehavior [ RunTime:0.000000s ]
INFO: [ app_init ] --END-- [ RunTime:0.001000s ]
ERR: 无法加载模块:Application

